[16:36:44.744] [INFO] Storybook Upgrade - v10.0.1
[16:36:44.785] [INFO] detect-projects-spinner-start: Detecting projects...
[16:36:44.786] [DEBUG] Finding Storybook projects...
[16:36:44.899] [DEBUG] Found 1 Storybook projects
[16:36:44.900] [INFO] detect-projects-spinner: Detecting projects: 1 projects
[16:36:44.900] [DEBUG] Getting Storybook data...
[16:36:44.900] [DEBUG] Getting Storybook info...
[16:36:44.916] [DEBUG] Loading main config...
[16:36:45.270] [DEBUG] Getting stories paths...
[16:36:45.303] [DEBUG] Getting package manager...
[16:36:45.531] [DEBUG] Getting Storybook version...
[16:36:45.532] [DEBUG] C:/Users/tjdrms/Desktop/moving-fe/.storybook - Validating before version... 9.1.15
[16:36:45.532] [DEBUG] C:/Users/tjdrms/Desktop/moving-fe/.storybook - Validating upgrade compatibility...
[16:36:45.532] [DEBUG] C:/Users/tjdrms/Desktop/moving-fe/.storybook - Fetching NPM version information...
[16:36:45.532] [DEBUG] Getting CLI versions from NPM for storybook...
[16:36:45.538] [DEBUG] Getting CLI versions from NPM for storybook@next...
[16:36:46.258] [DEBUG] C:/Users/tjdrms/Desktop/moving-fe/.storybook - Evaluating blockers...
[16:36:46.273] [DEBUG] Getting installed version for @storybook/experimental-addon-test...
[16:36:47.475] [DEBUG] An issue occurred while trying to find dependencies metadata using npm.
[16:36:47.475] [INFO] detect-projects-spinner-stop: 1 project detected
[16:36:47.475] [DEBUG] Found 1 valid projects and 0 error projects
[16:36:47.475] [INFO] Upgrading from 9.1.15 to 10.0.1
[16:36:47.507] [INFO] upgrade-dependencies-task-start: Fetching versions to update package.json files..
[16:36:47.507] [DEBUG] Updating dependencies in C:/Users/tjdrms/Desktop/moving-fe/.storybook...
[16:36:47.536] [INFO] upgrade-dependencies-task: C:/Users/tjdrms/Desktop/moving-fe/package.json
[16:36:47.537] [DEBUG] {
  "upgradedDependencies": []
}
[16:36:47.537] [DEBUG] {
  "upgradedDevDependencies": [
    "@storybook/nextjs-vite@^10.0.1",
    "storybook@^10.0.1"
  ]
}
[16:36:47.537] [DEBUG] {
  "upgradedPeerDependencies": []
}
[16:36:47.538] [DEBUG] Getting CLI versions from NPM for @storybook/nextjs-vite...
[16:36:48.563] [DEBUG] Using cached version for storybook...
[16:36:48.563] [INFO] upgrade-dependencies-task-success: Updated package versions in package.json files
[16:36:48.564] [INFO] detect-automigrations-task-start: Detecting automigrations...
[16:36:48.564] [DEBUG] Starting automigration collection across 1 projects and 18 fixes...
[16:36:48.597] [INFO] detect-automigrations-task: Checking automigrations for C:/Users/tjdrms/Desktop/moving-fe/.storybook...
[16:36:48.597] [DEBUG] Processing project: C:/Users/tjdrms/Desktop/moving-fe/.storybook
[16:36:48.597] [DEBUG] Checking fix eslintPlugin for project C:/Users/tjdrms/Desktop/moving-fe/.storybook...
[16:36:48.598] [DEBUG] Checking fix addon-mdx-gfm-remove for project C:/Users/tjdrms/Desktop/moving-fe/.storybook...
[16:36:48.599] [DEBUG] Checking fix addon-storysource-code-panel for project C:/Users/tjdrms/Desktop/moving-fe/.storybook...
[16:36:48.599] [DEBUG] Checking fix upgrade-storybook-related-dependencies for project C:/Users/tjdrms/Desktop/moving-fe/.storybook...
[16:36:48.599] [DEBUG] Checking for incompatible storybook packages...
[16:36:48.599] [DEBUG] Checking fix initial-globals for project C:/Users/tjdrms/Desktop/moving-fe/.storybook...
[16:36:48.611] [DEBUG] Checking fix addon-globals-api for project C:/Users/tjdrms/Desktop/moving-fe/.storybook...
[16:36:48.613] [DEBUG] Checking fix addon-a11y-addon-test for project C:/Users/tjdrms/Desktop/moving-fe/.storybook...
[16:36:48.623] [DEBUG] Checking fix consolidated-imports for project C:/Users/tjdrms/Desktop/moving-fe/.storybook...
[16:36:48.624] [DEBUG] Checking fix addon-experimental-test for project C:/Users/tjdrms/Desktop/moving-fe/.storybook...
[16:36:48.624] [DEBUG] Using cached installed version for @storybook/experimental-addon-test...
[16:36:48.624] [DEBUG] Checking fix rnstorybook-config for project C:/Users/tjdrms/Desktop/moving-fe/.storybook...
[16:36:48.624] [DEBUG] Checking fix migrate-addon-console for project C:/Users/tjdrms/Desktop/moving-fe/.storybook...
[16:36:48.624] [DEBUG] Checking fix remove-addon-interactions for project C:/Users/tjdrms/Desktop/moving-fe/.storybook...
[16:36:48.624] [DEBUG] Checking fix renderer-to-framework for project C:/Users/tjdrms/Desktop/moving-fe/.storybook...
[16:36:48.625] [DEBUG] Checking fix remove-essential-addons for project C:/Users/tjdrms/Desktop/moving-fe/.storybook...
[16:36:48.625] [DEBUG] Checking fix addon-a11y-parameters for project C:/Users/tjdrms/Desktop/moving-fe/.storybook...
[16:36:48.626] [DEBUG] Checking fix remove-docs-autodocs for project C:/Users/tjdrms/Desktop/moving-fe/.storybook...
[16:36:48.628] [DEBUG] Checking fix wrap-getAbsolutePath for project C:/Users/tjdrms/Desktop/moving-fe/.storybook...
[16:36:48.630] [DEBUG] Checking fix fix-faux-esm-require for project C:/Users/tjdrms/Desktop/moving-fe/.storybook...
[16:36:48.658] [INFO] detect-automigrations-task: 
Automigrations detected:
[16:36:48.688] [INFO] detect-automigrations-task: ✔ eslintPlugin
[16:36:48.716] [INFO] detect-automigrations-task: ✔ addon-a11y-addon-test
[16:36:48.716] [INFO] detect-automigrations-task-success: 2 automigration(s) detected
[16:37:23.233] [PROMPT] Select automigrations to run {"choice":["eslintPlugin","addon-a11y-addon-test"]}
[16:37:23.233] [INFO] automigrate-C:/Users/tjdrms/Desktop/moving-fe/.storybook-task-start: Running automigrations for C:/Users/tjdrms/Desktop/moving-fe/.storybook
[16:37:23.233] [DEBUG] Adding dependencies: eslint-plugin-storybook@10.0.1
[16:37:23.233] [DEBUG] Getting CLI versions from NPM for eslint-plugin-storybook...
[16:37:23.799] [DEBUG] Detected flat config at C:\Users\tjdrms\Desktop\moving-fe\eslint.config.mjs
[16:37:23.835] [INFO] automigrate-C:/Users/tjdrms/Desktop/moving-fe/.storybook-task: ✔ eslintPlugin
[16:37:23.865] [INFO] automigrate-C:/Users/tjdrms/Desktop/moving-fe/.storybook-task: ✕ addon-a11y-addon-test
[16:37:23.866] [DEBUG] Error: The addon-a11y-addon-test automigration couldn't make the changes but here are instructions for doing them yourself:
1) We couldn't find or automatically update .storybook/vitest.setup.<ts|js> in your project to smoothly set up project annotations from @storybook/addon-a11y. 
Please manually update your vitest.setup.ts file to include the following:

...   
+ import * as a11yAddonAnnotations from "@storybook/addon-a11y/preview";

setProjectAnnotations([
  ...
+ a11yAddonAnnotations,
]);
    at Object.run (file:///C:/Users/tjdrms/AppData/Local/npm-cache/_npx/9148c45455c81167/node_modules/@storybook/cli/dist/_node-chunks/run-UHTXWD4B.js:7216:13)
    at runAutomigrationsForProjects (file:///C:/Users/tjdrms/AppData/Local/npm-cache/_npx/9148c45455c81167/node_modules/@storybook/cli/dist/_node-chunks/run-UHTXWD4B.js:10914:21)
    at async runAutomigrations (file:///C:/Users/tjdrms/AppData/Local/npm-cache/_npx/9148c45455c81167/node_modules/@storybook/cli/dist/_node-chunks/run-UHTXWD4B.js:10973:32)
    at async file:///C:/Users/tjdrms/AppData/Local/npm-cache/_npx/9148c45455c81167/node_modules/@storybook/cli/dist/_node-chunks/run-UHTXWD4B.js:11225:89
    at async withTelemetry (file:///C:/Users/tjdrms/AppData/Local/npm-cache/_npx/9148c45455c81167/node_modules/storybook/dist/_node-chunks/chunk-WBKG2WYK.js:278:12)
    at async upgrade (file:///C:/Users/tjdrms/AppData/Local/npm-cache/_npx/9148c45455c81167/node_modules/@storybook/cli/dist/_node-chunks/run-UHTXWD4B.js:11143:3)
    at async Command.<anonymous> (file:///C:/Users/tjdrms/AppData/Local/npm-cache/_npx/9148c45455c81167/node_modules/@storybook/cli/dist/_node-chunks/run-UHTXWD4B.js:11393:3)
[16:37:23.866] [ERROR] automigrate-C:/Users/tjdrms/Desktop/moving-fe/.storybook-task-error: 1 automigrations failed for C:/Users/tjdrms/Desktop/moving-fe/.storybook
[16:37:23.866] [INFO] Installing dependencies...
[16:37:23.866] [INFO] install-dependencies-task-start: Installing dependencies...
[16:37:28.841] [INFO] added 34 packages, removed 22 packages, changed 12 packages, and audited 580 packages in 5s
[16:37:28.877] [INFO] install-dependencies-task: added 34 packages, removed 22 packages, changed 12 packages, and audited 580
packages in 5s
[16:37:28.877] [INFO] 185 packages are looking for funding
  run `npm fund` for details

found 0 vulnerabilities
[16:37:28.910] [INFO] install-dependencies-task: 185 packages are looking for funding
run `npm fund` for details

found 0 vulnerabilities
[16:37:28.910] [INFO] Dependencies installed
[16:37:28.910] [INFO] install-dependencies-task-success: Dependencies installed
[16:37:28.912] [INFO] Checking the health of your project(s)..
[16:37:29.668] [INFO] Your Storybook project looks good!
[16:37:29.701] [INFO] The upgrade is complete, but some projects failed to upgrade or migrate completely. Please see the debug logs for more details.
[16:37:29.734] [INFO] Failed to upgrade:
Some automigrations failed, please check the logs in the log file for more details.
  • C:/Users/tjdrms/Desktop/moving-fe/.storybook
[16:37:29.838] [INFO] If you want to learn more about the automigrations that executed in your project(s), please check the following links:

• eslintPlugin
• addon-a11y-addon-test
[16:37:29.875] [INFO] For a full list of changes, please check our migration guide: https://storybook.js.org/docs/releases/migration-guide?ref=upgrade